<?xml version="1.0" encoding="UTF-8"?>
<testsuite xmlns:xsi="http://www.w3.org/2001/XMLSchema-instance" xsi:noNamespaceSchemaLocation="https://maven.apache.org/surefire/maven-surefire-plugin/xsd/surefire-test-report-3.0.xsd" version="3.0" name="PGT1.Escolina_Burro.EscolinaBurroApplicationTests" time="1.913" tests="1" errors="0" skipped="0" failures="0">
  <properties>
[...]
</properties>
  <testcase name="contextLoads" classname="PGT1.Escolina_Burro.EscolinaBurroApplicationTests" time="0.724">
    <system-out><![CDATA[05:31:14.572 [main] INFO org.springframework.test.context.support.AnnotationConfigContextLoaderUtils -- Could not detect default configuration classes for test class [PGT1.Escolina_Burro.EscolinaBurroApplicationTests]: EscolinaBurroApplicationTests does not declare any static, non-private, non-final, nested classes annotated with @Configuration.
05:31:14.680 [main] INFO org.springframework.boot.test.context.SpringBootTestContextBootstrapper -- Found @SpringBootConfiguration PGT1.Escolina_Burro.EscolinaBurroApplication for test class PGT1.Escolina_Burro.EscolinaBurroApplicationTests
05:31:14.857 [main] INFO org.springframework.boot.devtools.restart.RestartApplicationListener -- Restart disabled due to context in which it is running

  .   ____          _            __ _ _
 /\\ / ___'_ __ _ _(_)_ __  __ _ \ \ \ \
( ( )\___ | '_ | '_| | '_ \/ _` | \ \ \ \
 \\/  ___)| |_)| | | | | || (_| |  ) ) ) )
  '  |____| .__|_| |_|_| |_\__, | / / / /
 =========|_|==============|___/=/_/_/_/
 :: Spring Boot ::                (v3.2.4)

2024-04-09T05:31:15.084-03:00  INFO 3640 --- [Escolina_Burro] [           main] P.E.EscolinaBurroApplicationTests        : Starting EscolinaBurroApplicationTests using Java 17.0.10 with PID 3640 (started by Administrator in C:\Users\Administrator\Desktop\Nova pasta\BurrosCorp\Escolina_Burro)
2024-04-09T05:31:15.086-03:00  INFO 3640 --- [Escolina_Burro] [           main] P.E.EscolinaBurroApplicationTests        : No active profile set, falling back to 1 default profile: "default"
2024-04-09T05:31:15.597-03:00  INFO 3640 --- [Escolina_Burro] [           main] P.E.EscolinaBurroApplicationTests        : Started EscolinaBurroApplicationTests in 0.753 seconds (process running for 1.636)
]]></system-out>
  </testcase>
</testsuite>